<?xml version="1.0" encoding="UTF-8"?>
<!-- Generated by org.testng.reporters.JUnitReportReporter -->
<testsuite hostname="LAPTOP-NAFBVQUV" failures="0" tests="1" name="javaSream.JavaStreams" time="0.013" errors="0" timestamp="2022-06-02T15:52:44 IST" skipped="0">
  <testcase classname="javaSream.JavaStreams" name="StreamCollect" time="0.013"/>
  <system-out/>
</testsuite> <!-- javaSream.JavaStreams -->
